2025-12-10 01:41:31.399 [info] Configuration changed
2025-12-10 01:41:43.061 [info] Configuration changed
2025-12-10 01:41:45.453 [info] Configuration changed
2025-12-10 01:41:45.520 [info] Configuration changed
2025-12-10 01:41:52.323 [info] Configuration changed
2025-12-10 01:41:54.499 [info] Configuration changed
2025-12-10 01:43:11.123 [info] Searching for activeBar.vi
2025-12-10 01:43:35.249 [info] Configuration changed
2025-12-10 01:44:01.146 [info] Configuration changed
2025-12-10 01:44:05.899 [info] Configuration changed
2025-12-10 01:44:29.828 [info] Configuration changed
2025-12-10 01:44:45.251 [info] Configuration changed
2025-12-10 01:44:49.393 [info] Configuration changed
2025-12-10 01:44:51.494 [info] Configuration changed
2025-12-10 01:45:20.312 [info] Configuration changed
2025-12-10 01:45:28.091 [info] Configuration changed
2025-12-10 01:46:13.732 [info] Configuration changed
2025-12-10 01:46:30.888 [info] Configuration changed
2025-12-10 01:46:32.548 [info] Configuration changed
2025-12-10 01:46:42.130 [info] Configuration changed
2025-12-10 01:46:44.063 [info] Configuration changed
2025-12-10 01:46:46.484 [info] Configuration changed
2025-12-10 01:46:48.068 [info] Configuration changed
2025-12-10 01:47:18.852 [info] Configuration changed
2025-12-10 01:47:19.856 [info] Configuration changed
2025-12-10 01:47:27.338 [info] Configuration changed
2025-12-10 01:47:28.896 [info] Configuration changed
2025-12-10 01:47:54.345 [info] Active editor: vscode-userdata:/home/out/.config/Code/User/settings.json
2025-12-10 01:48:19.171 [info] Executing :wq
2025-12-10 01:48:19.238 [info] /home/out/.config/Code/User/settings.json closed
2025-12-10 01:48:19.239 [warning] getLineLength() called with out-of-bounds line 25
2025-12-10 01:48:19.239 [warning] invalid cursor position. [[25, 37] | [25, 37]].
2025-12-10 01:48:19.268 [info] Active editor: vscode-userdata:/home/out/.config/Code/User/keybindings.json
2025-12-10 01:48:21.090 [info] Executing :wq
2025-12-10 01:48:21.146 [info] /home/out/.config/Code/User/keybindings.json closed
2025-12-10 01:48:21.148 [warning] getLineLength() called with out-of-bounds line 12
2025-12-10 01:48:21.148 [warning] invalid cursor position. [[12, 4] | [12, 4]].
2025-12-10 01:48:21.173 [info] Active editor: file:///home/out/work/push_me_too/main.c
2025-12-10 01:48:52.211 [info] Executing :w
2025-12-10 01:50:08.891 [info] Configuration changed
2025-12-10 01:50:28.574 [info] /home/out/work/push_me_too/main.c.git closed
2025-12-10 01:50:28.611 [info] Active editor: file:///home/out/work/push_me_too/push_swap.h
2025-12-10 01:50:28.784 [info] /home/out/work/push_me_too/push_swap.h closed
2025-12-10 01:51:30.967 [info] /home/out/work/push_me_too/push_swap.h.git closed
2025-12-10 01:51:31.003 [info] Active editor: file:///home/out/work/push_me_too/algo/count_rotate_steps.c
2025-12-10 01:51:31.028 [warning] getLineLength() called with out-of-bounds line 50
2025-12-10 01:51:31.028 [warning] invalid cursor position. [[50, 15] | [50, 15]].
2025-12-10 01:51:31.028 [warning] getLineLength() called with out-of-bounds line 50
2025-12-10 01:51:31.028 [warning] invalid cursor position. [[50, 15] | [50, 15]].
2025-12-10 01:51:57.271 [info] /home/out/work/push_me_too/algo/count_rotate_steps.c.git closed
2025-12-10 01:51:57.305 [info] Active editor: vscode-userdata:/home/out/.config/Code/User/settings.json
2025-12-10 01:52:18.277 [info] Configuration changed
2025-12-10 01:52:18.547 [info] Executing :w
2025-12-10 01:52:26.438 [info] Active editor: file:///home/out/work/push_me_too/linked_list/get_last_node.c
2025-12-10 01:52:29.791 [info] /home/out/work/push_me_too/linked_list/get_last_node.c.git closed
2025-12-10 01:52:45.232 [info] Active editor: vscode-userdata:/home/out/.config/Code/User/settings.json
