2025-12-10 00:45:02.590 [info] Configuration changed
2025-12-10 00:45:02.858 [info] Configuration changed
2025-12-10 00:45:02.995 [info] Configuration changed
2025-12-10 00:45:03.669 [info] Configuration changed
2025-12-10 00:45:24.034 [info] Configuration changed
2025-12-10 00:45:28.638 [info] Configuration changed
2025-12-10 00:46:29.344 [info] Executing :w
2025-12-10 00:46:49.827 [info] Active editor: vscode-userdata:/home/out/.config/Code/User/keybindings.json
2025-12-10 00:52:26.170 [info] Active editor: vscode-userdata:/home/out/.config/Code/User/keybindings.json
2025-12-10 00:54:31.630 [info] Executing :w
2025-12-10 00:55:42.685 [info] Active editor: file:///home/out/work/push_me_too/algo/repeat_rotate_n.c
2025-12-10 00:55:53.985 [info] /home/out/work/push_me_too/algo/repeat_rotate_n.c.git closed
2025-12-10 00:55:53.993 [info] Active editor: vscode-userdata:/home/out/.config/Code/User/keybindings.json
2025-12-10 00:56:21.462 [info] Executing :w
2025-12-10 01:00:19.534 [info] Active editor: file:///home/out/work/push_me_too/logic/ft_atoll.c
2025-12-10 01:05:01.408 [info] Configuration changed
2025-12-10 01:05:31.299 [info] /home/out/work/push_me_too/logic/ft_atoll.c.git closed
2025-12-10 01:06:48.042 [info] Configuration changed
2025-12-10 01:08:40.934 [info] Active editor: vscode-userdata:/home/out/.config/Code/User/settings.json
2025-12-10 01:08:46.285 [info] Active editor: vscode-userdata:/home/out/.config/Code/User/keybindings.json
2025-12-10 01:10:26.702 [info] Configuration changed
2025-12-10 01:10:28.917 [info] Configuration changed
2025-12-10 01:11:50.268 [info] Active editor: vscode-userdata:/home/out/.config/Code/User/settings.json
2025-12-10 01:12:29.534 [info] Executing :w
2025-12-10 01:12:29.854 [info] Configuration changed
2025-12-10 01:12:39.065 [info] Active editor: file:///home/out/work/push_me_too/main.c
2025-12-10 01:13:57.460 [info] /home/out/work/push_me_too/main.c.git closed
2025-12-10 01:13:57.468 [info] Active editor: vscode-userdata:/home/out/.config/Code/User/settings.json
2025-12-10 01:14:02.545 [info] Active editor: vscode-userdata:/home/out/.config/Code/User/keybindings.json
2025-12-10 01:14:14.424 [info] Executing :w
2025-12-10 01:15:03.357 [info] Executing :w
2025-12-10 01:16:34.365 [info] Active editor: file:///home/out/work/push_me_too/main.c
2025-12-10 01:16:37.932 [info] /home/out/work/push_me_too/main.c.git closed
2025-12-10 01:16:53.594 [info] Active editor: vscode-userdata:/home/out/.config/Code/User/keybindings.json
2025-12-10 01:17:16.490 [info] Active editor: file:///home/out/work/push_me_too/main.c
2025-12-10 01:17:37.553 [info] /home/out/work/push_me_too/main.c.git closed
2025-12-10 01:17:47.304 [info] Active editor: vscode-userdata:/home/out/.config/Code/User/keybindings.json
2025-12-10 01:19:40.492 [info] Active editor: vscode-userdata:/home/out/.config/Code/User/keybindings.json
2025-12-10 01:21:32.015 [info] Active editor: vscode-userdata:/home/out/.config/Code/User/keybindings.json
2025-12-10 01:21:59.772 [info] Executing :w
2025-12-10 01:22:10.441 [info] Executing :w
2025-12-10 01:22:19.354 [info] Executing :w
2025-12-10 01:22:39.255 [info] Active editor: vscode-userdata:/home/out/.config/Code/User/keybindings.json
2025-12-10 01:22:43.481 [info] Executing :w
2025-12-10 01:22:52.233 [info] Active editor: vscode-userdata:/home/out/.config/Code/User/keybindings.json
2025-12-10 01:23:15.889 [info] Executing :w
2025-12-10 01:24:16.055 [info] Active editor: vscode-userdata:/home/out/.config/Code/User/keybindings.json
2025-12-10 01:26:37.148 [info] Executing :w
2025-12-10 01:27:08.220 [info] Executing :w
2025-12-10 01:27:31.539 [info] Executing :w
2025-12-10 01:28:29.812 [info] Executing :w
2025-12-10 01:29:30.273 [info] Active editor: vscode-userdata:/home/out/.config/Code/User/settings.json
2025-12-10 01:29:36.470 [info] Configuration changed
2025-12-10 01:29:41.325 [info] Executing :w
2025-12-10 01:30:08.303 [info] Active editor: vscode-userdata:/home/out/.config/Code/User/keybindings.json
2025-12-10 01:31:57.664 [info] Active editor: vscode-userdata:/home/out/.config/Code/User/settings.json
2025-12-10 01:33:17.030 [info] Configuration changed
2025-12-10 01:33:50.670 [info] Configuration changed
2025-12-10 01:35:34.254 [info] Configuration changed
2025-12-10 01:36:35.754 [info] Configuration changed
2025-12-10 01:37:58.780 [info] Executing :w
2025-12-10 01:38:04.551 [info] Executing :w
2025-12-10 01:38:08.579 [info] Active editor: vscode-userdata:/home/out/.config/Code/User/keybindings.json
2025-12-10 01:38:42.375 [info] Executing :w
2025-12-10 01:39:31.369 [info] Active editor: vscode-userdata:/home/out/.config/Code/User/settings.json
2025-12-10 01:39:50.576 [info] Executing :w
2025-12-10 01:40:16.192 [info] Executing :w
