2025-12-10 00:44:36.375 [info] Reading sessions from keychain...
2025-12-10 00:44:36.375 [info] Getting sessions for all scopes...
2025-12-10 00:44:36.375 [info] Got 0 sessions for ...
2025-12-10 00:44:36.375 [info] Getting sessions for all scopes...
2025-12-10 00:44:36.375 [info] Got 0 sessions for ...
2025-12-10 00:44:36.375 [info] Getting sessions for all scopes...
2025-12-10 00:44:36.375 [info] Got 0 sessions for ...
2025-12-10 00:44:36.375 [info] Getting sessions for all scopes...
2025-12-10 00:44:36.375 [info] Got 0 sessions for ...
2025-12-10 00:44:36.375 [info] Getting sessions for all scopes...
2025-12-10 00:44:36.375 [info] Got 0 sessions for ...
2025-12-10 00:44:36.375 [info] Getting sessions for all scopes...
2025-12-10 00:44:36.375 [info] Got 0 sessions for ...
2025-12-10 00:44:36.375 [info] Getting sessions for all scopes...
2025-12-10 00:44:36.375 [info] Got 0 sessions for ...
2025-12-10 00:44:36.375 [info] Getting sessions for all scopes...
2025-12-10 00:44:36.375 [info] Got 0 sessions for ...
2025-12-10 00:44:36.375 [info] Getting sessions for all scopes...
2025-12-10 00:44:36.375 [info] Got 0 sessions for ...
2025-12-10 00:44:36.375 [info] Getting sessions for all scopes...
2025-12-10 00:44:36.375 [info] Got 0 sessions for ...
2025-12-10 00:44:36.375 [info] Getting sessions for all scopes...
2025-12-10 00:44:36.375 [info] Got 0 sessions for ...
2025-12-10 00:44:36.375 [info] Getting sessions for all scopes...
2025-12-10 00:44:36.375 [info] Got 0 sessions for ...
2025-12-10 00:44:36.375 [info] Getting sessions for all scopes...
2025-12-10 00:44:36.375 [info] Got 0 sessions for ...
2025-12-10 00:44:36.622 [info] Getting sessions for all scopes...
2025-12-10 00:44:36.622 [info] Got 0 sessions for ...
2025-12-10 00:44:37.450 [info] Getting sessions for read:user,repo,user:email,workflow...
2025-12-10 00:44:37.450 [info] Got 0 sessions for read:user,repo,user:email,workflow...
2025-12-10 00:44:37.844 [info] Getting sessions for all scopes...
2025-12-10 00:44:37.844 [info] Got 0 sessions for ...
