2025-12-10 01:41:30.225 [info] Reading sessions from keychain...
2025-12-10 01:41:30.225 [info] Getting sessions for all scopes...
2025-12-10 01:41:30.225 [info] Got 0 sessions for ...
2025-12-10 01:41:30.225 [info] Getting sessions for all scopes...
2025-12-10 01:41:30.225 [info] Got 0 sessions for ...
2025-12-10 01:41:30.225 [info] Getting sessions for all scopes...
2025-12-10 01:41:30.225 [info] Got 0 sessions for ...
2025-12-10 01:41:30.225 [info] Getting sessions for all scopes...
2025-12-10 01:41:30.225 [info] Got 0 sessions for ...
2025-12-10 01:41:30.225 [info] Getting sessions for all scopes...
2025-12-10 01:41:30.225 [info] Got 0 sessions for ...
2025-12-10 01:41:30.225 [info] Getting sessions for all scopes...
2025-12-10 01:41:30.225 [info] Got 0 sessions for ...
2025-12-10 01:41:30.225 [info] Getting sessions for all scopes...
2025-12-10 01:41:30.225 [info] Got 0 sessions for ...
2025-12-10 01:41:30.225 [info] Getting sessions for all scopes...
2025-12-10 01:41:30.225 [info] Got 0 sessions for ...
2025-12-10 01:41:30.225 [info] Getting sessions for all scopes...
2025-12-10 01:41:30.225 [info] Got 0 sessions for ...
2025-12-10 01:41:30.225 [info] Getting sessions for all scopes...
2025-12-10 01:41:30.225 [info] Got 0 sessions for ...
2025-12-10 01:41:30.225 [info] Getting sessions for all scopes...
2025-12-10 01:41:30.225 [info] Got 0 sessions for ...
2025-12-10 01:41:30.225 [info] Getting sessions for all scopes...
2025-12-10 01:41:30.225 [info] Got 0 sessions for ...
2025-12-10 01:41:30.889 [info] Getting sessions for all scopes...
2025-12-10 01:41:30.889 [info] Got 0 sessions for ...
2025-12-10 01:41:31.339 [info] Getting sessions for read:user,repo,user:email,workflow...
2025-12-10 01:41:31.339 [info] Got 0 sessions for read:user,repo,user:email,workflow...
2025-12-10 01:41:31.687 [info] Getting sessions for all scopes...
2025-12-10 01:41:31.687 [info] Got 0 sessions for ...
