2025-12-10 00:44:37.643 [error] #1: https://marketplace.visualstudio.com/_apis/public/gallery/vscode/alefragnani/project-manager/latest - error GET Failed to fetch
2025-12-10 00:44:37.645 [error] #2: https://marketplace.visualstudio.com/_apis/public/gallery/vscode/henrytsz/nvim/latest - error GET Failed to fetch
2025-12-10 00:44:37.646 [error] #3: https://marketplace.visualstudio.com/_apis/public/gallery/vscode/josemurilloc/aura-spirit-dracula/latest - error GET Failed to fetch
2025-12-10 00:44:37.653 [error] #4: https://marketplace.visualstudio.com/_apis/public/gallery/vscode/ms-vscode/cmake-tools/latest - error GET Failed to fetch
2025-12-10 00:44:37.654 [error] #5: https://marketplace.visualstudio.com/_apis/public/gallery/vscode/ms-vscode/cpptools/latest - error GET Failed to fetch
2025-12-10 00:44:37.655 [error] #6: https://marketplace.visualstudio.com/_apis/public/gallery/vscode/ms-vscode/cpptools-extension-pack/latest - error GET Failed to fetch
2025-12-10 00:44:37.655 [error] #7: https://marketplace.visualstudio.com/_apis/public/gallery/vscode/ms-vscode/cpptools-themes/latest - error GET Failed to fetch
2025-12-10 00:44:37.656 [error] #8: https://marketplace.visualstudio.com/_apis/public/gallery/vscode/pkief/material-icon-theme/latest - error GET Failed to fetch
2025-12-10 00:44:37.657 [error] #9: https://marketplace.visualstudio.com/_apis/public/gallery/vscode/streetsidesoftware/code-spell-checker/latest - error GET Failed to fetch
2025-12-10 00:44:37.658 [error] #10: https://marketplace.visualstudio.com/_apis/public/gallery/vscode/subframe7536/custom-ui-style/latest - error GET Failed to fetch
2025-12-10 00:44:37.660 [error] #11: https://marketplace.visualstudio.com/_apis/public/gallery/vscode/talhabalaj/actual-font-changer/latest - error GET Failed to fetch
2025-12-10 00:44:37.745 [error] #17: https://www.vscode-unpkg.net/_gallery/ms-vscode/cpptools-extension-pack/latest - error GET Failed to fetch
2025-12-10 00:44:37.746 [error] #21: https://www.vscode-unpkg.net/_gallery/subframe7536/custom-ui-style/latest - error GET Failed to fetch
2025-12-10 00:44:37.749 [error] #20: https://www.vscode-unpkg.net/_gallery/streetsidesoftware/code-spell-checker/latest - error GET Failed to fetch
2025-12-10 00:44:37.749 [error] #16: https://www.vscode-unpkg.net/_gallery/ms-vscode/cpptools/latest - error GET Failed to fetch
2025-12-10 00:44:37.753 [error] #19: https://www.vscode-unpkg.net/_gallery/pkief/material-icon-theme/latest - error GET Failed to fetch
2025-12-10 00:44:37.754 [error] #15: https://www.vscode-unpkg.net/_gallery/ms-vscode/cmake-tools/latest - error GET Failed to fetch
2025-12-10 00:44:37.761 [error] #14: https://www.vscode-unpkg.net/_gallery/josemurilloc/aura-spirit-dracula/latest - error GET Failed to fetch
2025-12-10 00:44:37.762 [error] #13: https://www.vscode-unpkg.net/_gallery/henrytsz/nvim/latest - error GET Failed to fetch
2025-12-10 00:44:37.763 [error] #12: https://www.vscode-unpkg.net/_gallery/alefragnani/project-manager/latest - error GET Failed to fetch
2025-12-10 00:44:37.766 [error] #18: https://www.vscode-unpkg.net/_gallery/ms-vscode/cpptools-themes/latest - error GET Failed to fetch
2025-12-10 00:44:37.767 [error] #22: https://www.vscode-unpkg.net/_gallery/talhabalaj/actual-font-changer/latest - error GET Failed to fetch
2025-12-10 00:44:37.784 [error] #23: https://marketplace.visualstudio.com/_apis/public/gallery/extensionquery - error POST Failed to fetch
