2025-12-10 00:45:02.724 [info] read schema from vscode: vscode://schemas/settings/user
2025-12-10 00:45:02.733 [info] cancelled
2025-12-10 00:45:02.945 [info] read schema from vscode: vscode://schemas/settings/user
2025-12-10 00:45:02.980 [info] schema change detected vscode://schemas/settings/user
2025-12-10 00:45:03.426 [info] read schema from vscode: vscode://schemas/settings/resourceLanguage
2025-12-10 00:45:03.427 [info] read schema from vscode: vscode://schemas/ignoredSettings
2025-12-10 00:45:03.441 [info] read schema from vscode: vscode://schemas/launch
2025-12-10 00:45:03.445 [info] read schema from vscode: vscode://schemas/token-styling
2025-12-10 00:45:03.446 [info] read schema from vscode: vscode://schemas/textmate-colors
2025-12-10 00:45:03.446 [info] read schema from vscode: vscode://schemas/workbench-colors
2025-12-10 00:45:03.652 [info] schema change detected vscode://schemas/settings/resourceLanguage
2025-12-10 00:45:03.682 [info] schema change detected vscode://schemas/ignoredSettings
2025-12-10 00:45:03.686 [info] cancelled
2025-12-10 00:45:03.689 [info] read schema from vscode: vscode://schemas/settings/user
2025-12-10 00:45:03.794 [info] schema change detected vscode://schemas/settings/user
2025-12-10 00:45:03.836 [info] read schema from vscode: vscode://schemas/settings/resourceLanguage
2025-12-10 00:45:03.836 [info] read schema from vscode: vscode://schemas/ignoredSettings
2025-12-10 00:45:03.846 [info] read schema from vscode: vscode://schemas/launch
2025-12-10 00:45:03.851 [info] read schema from vscode: vscode://schemas/token-styling
2025-12-10 00:45:03.853 [info] read schema from vscode: vscode://schemas/textmate-colors
2025-12-10 00:45:03.855 [info] read schema from vscode: vscode://schemas/workbench-colors
2025-12-10 00:45:04.017 [info] schema change detected vscode://schemas/settings/user
2025-12-10 00:45:04.048 [info] cancelled
2025-12-10 00:45:04.050 [info] cancelled
2025-12-10 00:45:04.051 [info] read schema from vscode: vscode://schemas/settings/user
2025-12-10 00:45:04.161 [info] read schema from vscode: vscode://schemas/settings/resourceLanguage
2025-12-10 00:45:04.161 [info] read schema from vscode: vscode://schemas/ignoredSettings
2025-12-10 00:45:04.169 [info] read schema from vscode: vscode://schemas/launch
2025-12-10 00:45:04.171 [info] read schema from vscode: vscode://schemas/token-styling
2025-12-10 00:45:04.172 [info] read schema from vscode: vscode://schemas/textmate-colors
2025-12-10 00:45:04.172 [info] read schema from vscode: vscode://schemas/workbench-colors
2025-12-10 00:45:04.356 [info] cancelled
2025-12-10 00:45:07.408 [info] schema change detected vscode://schemas/launch
2025-12-10 00:45:07.412 [info] read schema from vscode: vscode://schemas/settings/user
2025-12-10 00:45:07.521 [info] read schema from vscode: vscode://schemas/launch
2025-12-10 00:45:07.634 [info] cancelled
2025-12-10 00:45:07.646 [info] cancelled
2025-12-10 00:46:49.811 [info] read schema from vscode: vscode://schemas/keybindings
2025-12-10 00:46:49.912 [info] read schema from vscode: vscode://schemas/inlineCompletionProviderIdArgs
2025-12-10 00:46:50.800 [info] schema change detected vscode://schemas/keybindings
2025-12-10 00:46:50.811 [info] read schema from vscode: vscode://schemas/keybindings
2025-12-10 00:46:50.852 [info] schema change detected vscode://schemas/settings/user
2025-12-10 00:46:50.868 [info] read schema from vscode: vscode://schemas/settings/user
2025-12-10 00:55:44.361 [info] schema change detected vscode://schemas/keybindings
2025-12-10 00:55:44.365 [info] read schema from vscode: vscode://schemas/keybindings
2025-12-10 00:55:44.414 [info] schema change detected vscode://schemas/settings/user
2025-12-10 00:55:44.416 [info] read schema from vscode: vscode://schemas/settings/user
2025-12-10 00:55:48.118 [info] schema change detected vscode://schemas/launch
2025-12-10 00:55:48.119 [info] read schema from vscode: vscode://schemas/settings/user
2025-12-10 00:55:48.243 [info] read schema from vscode: vscode://schemas/launch
2025-12-10 01:06:48.053 [info] schema change detected vscode://schemas/ignoredSettings
2025-12-10 01:06:48.057 [info] read schema from vscode: vscode://schemas/settings/user
2025-12-10 01:06:48.175 [info] schema change detected vscode://schemas/settings/user
2025-12-10 01:06:48.326 [info] read schema from vscode: vscode://schemas/ignoredSettings
2025-12-10 01:06:48.428 [info] cancelled
2025-12-10 01:06:48.428 [info] cancelled
2025-12-10 01:06:48.430 [info] read schema from vscode: vscode://schemas/settings/user
2025-12-10 01:06:48.431 [info] read schema from vscode: vscode://schemas/keybindings
2025-12-10 01:06:48.522 [info] read schema from vscode: vscode://schemas/settings/resourceLanguage
2025-12-10 01:06:48.522 [info] read schema from vscode: vscode://schemas/ignoredSettings
2025-12-10 01:06:48.528 [info] read schema from vscode: vscode://schemas/launch
2025-12-10 01:06:48.530 [info] read schema from vscode: vscode://schemas/token-styling
2025-12-10 01:06:48.530 [info] read schema from vscode: vscode://schemas/textmate-colors
2025-12-10 01:06:48.530 [info] read schema from vscode: vscode://schemas/workbench-colors
2025-12-10 01:06:48.540 [info] read schema from vscode: vscode://schemas/inlineCompletionProviderIdArgs
2025-12-10 01:08:41.968 [info] schema change detected vscode://schemas/keybindings
2025-12-10 01:08:41.977 [info] read schema from vscode: vscode://schemas/keybindings
2025-12-10 01:08:42.029 [info] schema change detected vscode://schemas/settings/user
2025-12-10 01:08:42.047 [info] read schema from vscode: vscode://schemas/settings/user
2025-12-10 01:08:47.283 [info] schema change detected vscode://schemas/keybindings
2025-12-10 01:08:47.296 [info] read schema from vscode: vscode://schemas/keybindings
2025-12-10 01:08:47.340 [info] schema change detected vscode://schemas/settings/user
2025-12-10 01:08:47.360 [info] read schema from vscode: vscode://schemas/settings/user
2025-12-10 01:10:26.665 [info] schema change detected vscode://schemas/settings/resourceLanguage
2025-12-10 01:10:26.666 [info] read schema from vscode: vscode://schemas/settings/user
2025-12-10 01:10:26.710 [info] schema change detected vscode://schemas/ignoredSettings
2025-12-10 01:10:26.936 [info] read schema from vscode: vscode://schemas/settings/resourceLanguage
2025-12-10 01:10:26.936 [info] read schema from vscode: vscode://schemas/ignoredSettings
2025-12-10 01:10:27.018 [info] schema change detected vscode://schemas/settings/user
2025-12-10 01:10:27.101 [info] cancelled
2025-12-10 01:10:27.101 [info] read schema from vscode: vscode://schemas/settings/user
2025-12-10 01:10:28.871 [info] schema change detected vscode://schemas/settings/resourceLanguage
2025-12-10 01:10:28.873 [info] read schema from vscode: vscode://schemas/settings/user
2025-12-10 01:10:28.926 [info] schema change detected vscode://schemas/ignoredSettings
2025-12-10 01:10:28.998 [info] schema change detected vscode://schemas/settings/user
2025-12-10 01:10:29.034 [info] read schema from vscode: vscode://schemas/settings/resourceLanguage
2025-12-10 01:10:29.034 [info] read schema from vscode: vscode://schemas/ignoredSettings
2025-12-10 01:10:29.179 [info] cancelled
2025-12-10 01:10:29.187 [info] read schema from vscode: vscode://schemas/settings/user
2025-12-10 01:11:51.295 [info] schema change detected vscode://schemas/keybindings
2025-12-10 01:11:51.304 [info] read schema from vscode: vscode://schemas/keybindings
2025-12-10 01:11:51.347 [info] schema change detected vscode://schemas/settings/user
2025-12-10 01:11:51.372 [info] read schema from vscode: vscode://schemas/settings/user
2025-12-10 01:12:31.818 [info] schema change detected vscode://schemas/keybindings
2025-12-10 01:12:31.820 [info] read schema from vscode: vscode://schemas/keybindings
2025-12-10 01:12:31.869 [info] schema change detected vscode://schemas/settings/user
2025-12-10 01:12:31.870 [info] read schema from vscode: vscode://schemas/settings/user
2025-12-10 01:13:58.486 [info] schema change detected vscode://schemas/keybindings
2025-12-10 01:13:58.488 [info] read schema from vscode: vscode://schemas/keybindings
2025-12-10 01:13:58.540 [info] schema change detected vscode://schemas/settings/user
2025-12-10 01:13:58.541 [info] read schema from vscode: vscode://schemas/settings/user
2025-12-10 01:14:03.534 [info] schema change detected vscode://schemas/keybindings
2025-12-10 01:14:03.540 [info] read schema from vscode: vscode://schemas/keybindings
2025-12-10 01:14:03.584 [info] schema change detected vscode://schemas/settings/user
2025-12-10 01:14:03.597 [info] read schema from vscode: vscode://schemas/settings/user
2025-12-10 01:20:19.076 [info] read schema from vscode: vscode://schemas/settings/user
2025-12-10 01:20:19.080 [info] read schema from vscode: vscode://schemas/keybindings
2025-12-10 01:20:19.468 [info] read schema from vscode: vscode://schemas/settings/resourceLanguage
2025-12-10 01:20:19.470 [info] read schema from vscode: vscode://schemas/ignoredSettings
2025-12-10 01:20:19.482 [info] read schema from vscode: vscode://schemas/launch
2025-12-10 01:20:19.489 [info] read schema from vscode: vscode://schemas/token-styling
2025-12-10 01:20:19.489 [info] read schema from vscode: vscode://schemas/textmate-colors
2025-12-10 01:20:19.490 [info] read schema from vscode: vscode://schemas/workbench-colors
2025-12-10 01:20:19.526 [info] read schema from vscode: vscode://schemas/inlineCompletionProviderIdArgs
2025-12-10 01:20:19.980 [info] schema change detected vscode://schemas/inlineCompletionProviderIdArgs
2025-12-10 01:20:19.981 [info] schema change detected vscode://schemas/inlineCompletionProviderIdArgs
2025-12-10 01:20:20.065 [info] cancelled
2025-12-10 01:20:20.084 [info] cancelled
2025-12-10 01:20:20.086 [info] cancelled
2025-12-10 01:20:20.086 [info] cancelled
2025-12-10 01:20:20.090 [info] read schema from vscode: vscode://schemas/keybindings
2025-12-10 01:20:20.124 [info] read schema from vscode: vscode://schemas/inlineCompletionProviderIdArgs
2025-12-10 01:20:20.978 [info] schema change detected vscode://schemas/keybindings
2025-12-10 01:20:20.980 [info] read schema from vscode: vscode://schemas/keybindings
2025-12-10 01:20:21.020 [info] schema change detected vscode://schemas/settings/user
2025-12-10 01:20:21.021 [info] read schema from vscode: vscode://schemas/settings/user
2025-12-10 01:20:23.939 [info] schema change detected vscode://schemas/launch
2025-12-10 01:20:23.943 [info] read schema from vscode: vscode://schemas/settings/user
2025-12-10 01:20:24.047 [info] read schema from vscode: vscode://schemas/launch
2025-12-10 01:21:11.715 [info] schema change detected vscode://schemas/ignoredSettings
2025-12-10 01:21:11.720 [info] read schema from vscode: vscode://schemas/settings/user
2025-12-10 01:21:11.897 [info] schema change detected vscode://schemas/settings/user
2025-12-10 01:21:12.152 [info] read schema from vscode: vscode://schemas/ignoredSettings
2025-12-10 01:21:12.265 [info] cancelled
2025-12-10 01:21:12.265 [info] cancelled
2025-12-10 01:21:12.267 [info] read schema from vscode: vscode://schemas/settings/user
2025-12-10 01:21:12.268 [info] read schema from vscode: vscode://schemas/keybindings
2025-12-10 01:21:12.394 [info] read schema from vscode: vscode://schemas/settings/resourceLanguage
2025-12-10 01:21:12.394 [info] read schema from vscode: vscode://schemas/ignoredSettings
2025-12-10 01:21:12.402 [info] read schema from vscode: vscode://schemas/launch
2025-12-10 01:21:12.402 [info] read schema from vscode: vscode://schemas/token-styling
2025-12-10 01:21:12.403 [info] read schema from vscode: vscode://schemas/textmate-colors
2025-12-10 01:21:12.403 [info] read schema from vscode: vscode://schemas/workbench-colors
2025-12-10 01:21:12.414 [info] read schema from vscode: vscode://schemas/inlineCompletionProviderIdArgs
2025-12-10 01:29:31.300 [info] schema change detected vscode://schemas/keybindings
2025-12-10 01:29:31.310 [info] read schema from vscode: vscode://schemas/keybindings
2025-12-10 01:29:31.358 [info] schema change detected vscode://schemas/settings/user
2025-12-10 01:29:31.379 [info] read schema from vscode: vscode://schemas/settings/user
2025-12-10 01:29:50.728 [info] schema change detected vscode://schemas/keybindings
2025-12-10 01:29:50.730 [info] read schema from vscode: vscode://schemas/keybindings
2025-12-10 01:29:50.780 [info] schema change detected vscode://schemas/settings/user
2025-12-10 01:29:50.781 [info] read schema from vscode: vscode://schemas/settings/user
2025-12-10 01:31:58.683 [info] schema change detected vscode://schemas/keybindings
2025-12-10 01:31:58.686 [info] read schema from vscode: vscode://schemas/keybindings
2025-12-10 01:31:58.739 [info] schema change detected vscode://schemas/settings/user
2025-12-10 01:31:58.740 [info] read schema from vscode: vscode://schemas/settings/user
2025-12-10 01:33:20.292 [info] schema change detected vscode://schemas/launch
2025-12-10 01:33:20.294 [info] read schema from vscode: vscode://schemas/settings/user
2025-12-10 01:33:20.491 [info] read schema from vscode: vscode://schemas/launch
2025-12-10 01:38:09.568 [info] schema change detected vscode://schemas/keybindings
2025-12-10 01:38:09.577 [info] read schema from vscode: vscode://schemas/keybindings
2025-12-10 01:38:09.619 [info] schema change detected vscode://schemas/settings/user
2025-12-10 01:38:09.640 [info] read schema from vscode: vscode://schemas/settings/user
2025-12-10 01:39:32.394 [info] schema change detected vscode://schemas/keybindings
2025-12-10 01:39:32.406 [info] read schema from vscode: vscode://schemas/keybindings
2025-12-10 01:39:32.451 [info] schema change detected vscode://schemas/settings/user
2025-12-10 01:39:32.470 [info] read schema from vscode: vscode://schemas/settings/user
