2025-12-10 00:45:02.483 [info] Reading sessions from keychain...
2025-12-10 00:45:02.483 [info] Getting sessions for all scopes...
2025-12-10 00:45:02.483 [info] Got 0 sessions for ...
2025-12-10 00:45:02.483 [info] Getting sessions for all scopes...
2025-12-10 00:45:02.483 [info] Got 0 sessions for ...
2025-12-10 00:45:02.483 [info] Getting sessions for all scopes...
2025-12-10 00:45:02.483 [info] Got 0 sessions for ...
2025-12-10 00:45:02.483 [info] Getting sessions for all scopes...
2025-12-10 00:45:02.483 [info] Got 0 sessions for ...
2025-12-10 00:45:02.483 [info] Getting sessions for all scopes...
2025-12-10 00:45:02.483 [info] Got 0 sessions for ...
2025-12-10 00:45:02.483 [info] Getting sessions for all scopes...
2025-12-10 00:45:02.483 [info] Got 0 sessions for ...
2025-12-10 00:45:02.483 [info] Getting sessions for all scopes...
2025-12-10 00:45:02.483 [info] Got 0 sessions for ...
2025-12-10 00:45:02.483 [info] Getting sessions for all scopes...
2025-12-10 00:45:02.483 [info] Got 0 sessions for ...
2025-12-10 00:45:02.483 [info] Getting sessions for all scopes...
2025-12-10 00:45:02.483 [info] Got 0 sessions for ...
2025-12-10 00:45:02.483 [info] Getting sessions for all scopes...
2025-12-10 00:45:02.483 [info] Got 0 sessions for ...
2025-12-10 00:45:02.483 [info] Getting sessions for all scopes...
2025-12-10 00:45:02.483 [info] Got 0 sessions for ...
2025-12-10 00:45:02.483 [info] Getting sessions for all scopes...
2025-12-10 00:45:02.483 [info] Got 0 sessions for ...
2025-12-10 00:45:02.982 [info] Getting sessions for all scopes...
2025-12-10 00:45:02.982 [info] Got 0 sessions for ...
2025-12-10 00:45:03.393 [info] Getting sessions for read:user,repo,user:email,workflow...
2025-12-10 00:45:03.393 [info] Got 0 sessions for read:user,repo,user:email,workflow...
2025-12-10 00:45:03.947 [info] Getting sessions for all scopes...
2025-12-10 00:45:03.947 [info] Got 0 sessions for ...
2025-12-10 01:20:18.696 [info] Reading sessions from keychain...
2025-12-10 01:20:18.696 [info] Getting sessions for all scopes...
2025-12-10 01:20:18.696 [info] Got 0 sessions for ...
2025-12-10 01:20:18.696 [info] Getting sessions for all scopes...
2025-12-10 01:20:18.696 [info] Got 0 sessions for ...
2025-12-10 01:20:18.696 [info] Getting sessions for all scopes...
2025-12-10 01:20:18.696 [info] Got 0 sessions for ...
2025-12-10 01:20:18.696 [info] Getting sessions for all scopes...
2025-12-10 01:20:18.696 [info] Got 0 sessions for ...
2025-12-10 01:20:19.080 [info] Getting sessions for read:user,repo,user:email,workflow...
2025-12-10 01:20:19.080 [info] Got 0 sessions for read:user,repo,user:email,workflow...
