2025-12-31 22:01:59.409 [info] Reading sessions from keychain...
2025-12-31 22:01:59.409 [info] Getting sessions for all scopes...
2025-12-31 22:01:59.409 [info] Got 0 sessions for ...
2025-12-31 22:01:59.409 [info] Getting sessions for all scopes...
2025-12-31 22:01:59.409 [info] Got 0 sessions for ...
2025-12-31 22:01:59.409 [info] Getting sessions for all scopes...
2025-12-31 22:01:59.409 [info] Got 0 sessions for ...
2025-12-31 22:01:59.409 [info] Getting sessions for all scopes...
2025-12-31 22:01:59.409 [info] Got 0 sessions for ...
2025-12-31 22:01:59.409 [info] Getting sessions for all scopes...
2025-12-31 22:01:59.409 [info] Got 0 sessions for ...
2025-12-31 22:01:59.409 [info] Getting sessions for all scopes...
2025-12-31 22:01:59.409 [info] Got 0 sessions for ...
2025-12-31 22:01:59.409 [info] Getting sessions for all scopes...
2025-12-31 22:01:59.409 [info] Got 0 sessions for ...
2025-12-31 22:01:59.409 [info] Getting sessions for all scopes...
2025-12-31 22:01:59.409 [info] Got 0 sessions for ...
2025-12-31 22:01:59.431 [info] Getting sessions for all scopes...
2025-12-31 22:01:59.431 [info] Got 0 sessions for ...
2025-12-31 22:01:59.431 [info] Getting sessions for all scopes...
2025-12-31 22:01:59.431 [info] Got 0 sessions for ...
2025-12-31 22:01:59.432 [info] Getting sessions for all scopes...
2025-12-31 22:01:59.432 [info] Got 0 sessions for ...
2025-12-31 22:01:59.432 [info] Getting sessions for all scopes...
2025-12-31 22:01:59.432 [info] Got 0 sessions for ...
2025-12-31 22:01:59.432 [info] Getting sessions for all scopes...
2025-12-31 22:01:59.433 [info] Got 0 sessions for ...
2025-12-31 22:01:59.433 [info] Getting sessions for all scopes...
2025-12-31 22:01:59.433 [info] Got 0 sessions for ...
2025-12-31 22:01:59.607 [info] Getting sessions for all scopes...
2025-12-31 22:01:59.607 [info] Got 0 sessions for ...
2025-12-31 22:01:59.607 [info] Getting sessions for all scopes...
2025-12-31 22:01:59.607 [info] Got 0 sessions for ...
2025-12-31 22:01:59.880 [info] Getting sessions for all scopes...
2025-12-31 22:01:59.880 [info] Got 0 sessions for ...
2025-12-31 22:02:00.726 [info] Getting sessions for all scopes...
2025-12-31 22:02:00.726 [info] Got 0 sessions for ...
2025-12-31 22:02:00.756 [info] Getting sessions for all scopes...
2025-12-31 22:02:00.756 [info] Got 0 sessions for ...
2025-12-31 22:02:00.767 [info] Getting sessions for read:user,repo,user:email,workflow...
2025-12-31 22:02:00.767 [info] Got 0 sessions for read:user,repo,user:email,workflow...
2025-12-31 22:02:01.131 [info] Getting sessions for all scopes...
2025-12-31 22:02:01.132 [info] Got 0 sessions for ...
2025-12-31 22:02:01.152 [info] Getting sessions for all scopes...
2025-12-31 22:02:01.152 [info] Got 0 sessions for ...
2025-12-31 22:03:17.735 [info] Getting sessions for all scopes...
2025-12-31 22:03:17.735 [info] Got 0 sessions for ...
2025-12-31 22:03:21.903 [info] Getting sessions for all scopes...
2025-12-31 22:03:21.903 [info] Got 0 sessions for ...
2025-12-31 22:03:38.329 [info] Getting sessions for all scopes...
2025-12-31 22:03:38.329 [info] Got 0 sessions for ...
