2025-12-10 00:44:35.862 [info] Extension host with pid 73017 started
2025-12-10 00:44:35.862 [info] Skipping acquiring lock for /home/out/.config/Code/User/workspaceStorage/de3ef29eb4764083cc31bc67b286d360.
2025-12-10 00:44:36.021 [info] ExtensionService#_doActivateExtension vscode.github-authentication, startup: false, activationEvent: 'onAuthenticationRequest:github'
2025-12-10 00:44:36.059 [info] ExtensionService#_doActivateExtension vscode.emmet, startup: false, activationEvent: 'onLanguage'
2025-12-10 00:44:36.084 [info] ExtensionService#_doActivateExtension vscode.configuration-editing, startup: false, activationEvent: 'onLanguage:jsonc'
2025-12-10 00:44:36.091 [info] ExtensionService#_doActivateExtension vscode.json-language-features, startup: false, activationEvent: 'onLanguage:jsonc'
2025-12-10 00:44:36.177 [info] ExtensionService#_doActivateExtension vscode.typescript-language-features, startup: false, activationEvent: 'onLanguage:jsonc'
2025-12-10 00:44:36.659 [info] ExtensionService#_doActivateExtension vscode.git-base, startup: true, activationEvent: '*', root cause: vscode.git
2025-12-10 00:44:36.731 [info] ExtensionService#_doActivateExtension vscode.git, startup: true, activationEvent: '*'
2025-12-10 00:44:36.785 [info] ExtensionService#_doActivateExtension vscode.github, startup: true, activationEvent: '*'
2025-12-10 00:44:36.962 [info] Eager extensions activated
2025-12-10 00:44:37.000 [info] ExtensionService#_doActivateExtension vscode.debug-auto-launch, startup: false, activationEvent: 'onStartupFinished'
2025-12-10 00:44:37.002 [info] ExtensionService#_doActivateExtension vscode.merge-conflict, startup: false, activationEvent: 'onStartupFinished'
2025-12-10 00:44:37.022 [info] ExtensionService#_doActivateExtension alefragnani.project-manager, startup: false, activationEvent: 'onStartupFinished'
2025-12-10 00:44:37.035 [info] ExtensionService#_doActivateExtension HenryTsz.nvim, startup: false, activationEvent: 'onStartupFinished'
2025-12-10 00:44:37.132 [info] ExtensionService#_doActivateExtension PKief.material-icon-theme, startup: false, activationEvent: 'onStartupFinished'
2025-12-10 00:44:37.144 [info] ExtensionService#_doActivateExtension streetsidesoftware.code-spell-checker, startup: false, activationEvent: 'onStartupFinished'
2025-12-10 00:44:37.236 [info] ExtensionService#_doActivateExtension subframe7536.custom-ui-style, startup: false, activationEvent: 'onStartupFinished'
2025-12-10 00:44:55.896 [info] Extension host terminating: renderer closed the MessagePort
2025-12-10 00:44:55.965 [info] Extension host with pid 73017 exiting with code 0
